c:\users\ccsduser\documents\visual studio 2017\projects\project1\project1\debug\vc141.pdb
c:\users\ccsduser\documents\visual studio 2017\projects\project1\project1\debug\vc141.idb
c:\users\ccsduser\documents\visual studio 2017\projects\project1\project1\debug\maincpp.nativecodeanalysis.xml
c:\users\ccsduser\documents\visual studio 2017\projects\project1\project1\debug\student.nativecodeanalysis.xml
c:\users\ccsduser\documents\visual studio 2017\projects\project1\project1\debug\student.obj
c:\users\ccsduser\documents\visual studio 2017\projects\project1\project1\debug\maincpp.obj
c:\users\ccsduser\documents\visual studio 2017\projects\project1\project1\debug\utilities.obj
c:\users\ccsduser\documents\visual studio 2017\projects\project1\project1\debug\test.obj
c:\users\ccsduser\documents\visual studio 2017\projects\project1\debug\project1.ilk
c:\users\ccsduser\documents\visual studio 2017\projects\project1\debug\project1.exe
c:\users\ccsduser\documents\visual studio 2017\projects\project1\debug\project1.pdb
c:\users\ccsduser\documents\visual studio 2017\projects\project1\project1\debug\nativecodeanalysis.read.1.tlog
c:\users\ccsduser\documents\visual studio 2017\projects\project1\project1\debug\project1.pdb
c:\users\ccsduser\documents\visual studio 2017\projects\project1\project1\debug\vc.nativecodeanalysis.all.xml
c:\users\ccsduser\documents\visual studio 2017\projects\project1\project1\debug\project1.tlog\cl.command.1.tlog
c:\users\ccsduser\documents\visual studio 2017\projects\project1\project1\debug\project1.tlog\cl.read.1.tlog
c:\users\ccsduser\documents\visual studio 2017\projects\project1\project1\debug\project1.tlog\cl.write.1.tlog
c:\users\ccsduser\documents\visual studio 2017\projects\project1\project1\debug\project1.tlog\link-cvtres.read.1.tlog
c:\users\ccsduser\documents\visual studio 2017\projects\project1\project1\debug\project1.tlog\link-cvtres.write.1.tlog
c:\users\ccsduser\documents\visual studio 2017\projects\project1\project1\debug\project1.tlog\link-rc.read.1.tlog
c:\users\ccsduser\documents\visual studio 2017\projects\project1\project1\debug\project1.tlog\link-rc.write.1.tlog
c:\users\ccsduser\documents\visual studio 2017\projects\project1\project1\debug\project1.tlog\link.command.1.tlog
c:\users\ccsduser\documents\visual studio 2017\projects\project1\project1\debug\project1.tlog\link.read.1.tlog
c:\users\ccsduser\documents\visual studio 2017\projects\project1\project1\debug\project1.tlog\link.write.1.tlog
